<?xml version="1.0" encoding="UTF-8"?>
<!-- Generated by org.testng.reporters.JUnitXMLReporter -->
<testsuite hostname="MHSHAHIB" ignored="0" name="Surefire test" tests="1" failures="1" timestamp="2020-02-05T21:53:46 EST" time="0.376" errors="0">
  <testcase name="testTitle" time="0.019" classname="runner.TestAmaHomePage">
    <failure type="java.lang.AssertionError" message="expected [Amazon.com: Online Shopping for Electronics, Apparel, Computers, Books, DVDs &amp;amp; more] but found [Google]">
      <![CDATA[java.lang.AssertionError: expected [Amazon.com: Online Shopping for Electronics, Apparel, Computers, Books, DVDs & more] but found [Google]
at runner.TestAmaHomePage.testTitle(TestAmaHomePage.java:17)
at java.util.ArrayList.forEach(ArrayList.java:1257)
... Removed 37 stack frames]]>
    </failure>
  </testcase> <!-- testTitle -->
</testsuite> <!-- Surefire test -->
